Started GET "/" for 127.0.0.1 at 2022-11-15 16:58:07 -0500
Processing by PagesController#index as HTML
  Rendering layout layouts/application.html.erb
  Rendering pages/index.html.erb within layouts/application
  Rendered pages/index.html.erb within layouts/application (Duration: 5.9ms | Allocations: 2908)
  Rendered layouts/_flash.erb (Duration: 0.4ms | Allocations: 171)
  Rendered layout layouts/application.html.erb (Duration: 330.4ms | Allocations: 356224)
Completed 200 OK in 351ms (Views: 335.5ms | Allocations: 359938)


Started GET "/assets/tailwind.self-39296d610a4e370f7a032b8e0c8c14cb7c47745b77398456eb31e016dc1546c6.css?body=1" for 127.0.0.1 at 2022-11-15 16:58:07 -0500
Started POST "/student_login" for 127.0.0.1 at 2022-11-15 16:58:17 -0500
Processing by StudentsController#login as HTML
  Parameters: {"utf8"=>"✓", "authenticity_token"=>"z9S+MlzVQB0e9tR1lA1AfAk6mNl+MPmJJzkU16L6ttbXdkJ8tSfFbs91c5C6jq13JbQ059w47XWO50dNJ/abpg==", "student"=>{"name"=>"Shruti Verma", "uni"=>"sv2611", "password"=>"[FILTERED]"}, "commit"=>"Student Login"}
  [1m[36mStudent Load (0.5ms)[0m  [1m[34mSELECT "students".* FROM "students" WHERE "students"."uni" = $1 LIMIT $2[0m  [["uni", "sv2611"], ["LIMIT", 1]]
Redirected to http://localhost:3000/events
Completed 302 Found in 126ms (ActiveRecord: 11.0ms | Allocations: 32440)


Started GET "/events" for 127.0.0.1 at 2022-11-15 16:58:17 -0500
Processing by EventsController#index as HTML
  [1m[36mStudent Load (0.2ms)[0m  [1m[34mSELECT "students".* FROM "students" WHERE "students"."id" = $1 LIMIT $2[0m  [["id", 1], ["LIMIT", 1]]
  Rendering layout layouts/application.html.erb
  Rendering events/index.html.erb within layouts/application
  [1m[36mEvent Load (0.7ms)[0m  [1m[34mSELECT "events".* FROM "events" WHERE (array_length(tags, 1) is NULL OR tags && array['Freshman','Sophomore','Junior','Senior'])[0m
  Rendered events/index.html.erb within layouts/application (Duration: 10.0ms | Allocations: 5285)
  Rendered layouts/_flash.erb (Duration: 0.1ms | Allocations: 24)
  Rendered layout layouts/application.html.erb (Duration: 19.8ms | Allocations: 21474)
Completed 200 OK in 26ms (Views: 17.8ms | ActiveRecord: 3.3ms | Allocations: 25149)


Started GET "/" for 127.0.0.1 at 2022-11-15 16:58:19 -0500
Processing by PagesController#index as HTML
  Rendering layout layouts/application.html.erb
  Rendering pages/index.html.erb within layouts/application
  Rendered pages/index.html.erb within layouts/application (Duration: 1.2ms | Allocations: 1333)
  Rendered layouts/_flash.erb (Duration: 0.1ms | Allocations: 22)
  Rendered layout layouts/application.html.erb (Duration: 37.8ms | Allocations: 17323)
Completed 200 OK in 39ms (Views: 38.3ms | ActiveRecord: 0.0ms | Allocations: 17852)


Started POST "/organization_login" for 127.0.0.1 at 2022-11-15 16:58:26 -0500
Processing by OrganizersController#login as HTML
  Parameters: {"utf8"=>"✓", "authenticity_token"=>"JqabgZnXUHpG9exxihWldalPkBuG+70ne/4IUDZcmgI+BGfPcCXVCZd2S5Sklkh+hcE8JSTzqdvSIFvKs1C3cg==", "organization"=>{"name"=>"SWE", "email"=>"swe@gmail.com", "password"=>"[FILTERED]"}, "commit"=>"Organization Login"}
  [1m[36mOrganizer Load (0.4ms)[0m  [1m[34mSELECT "organizers".* FROM "organizers" WHERE "organizers"."email" = $1 LIMIT $2[0m  [["email", "swe@gmail.com"], ["LIMIT", 1]]
Redirected to http://localhost:3000/org_events?organizer_id=1
Completed 302 Found in 12ms (ActiveRecord: 2.7ms | Allocations: 3722)


Started GET "/org_events?organizer_id=1" for 127.0.0.1 at 2022-11-15 16:58:26 -0500
Processing by EventsController#organizer_index as HTML
  Parameters: {"organizer_id"=>"1"}
  Rendering layout layouts/application.html.erb
  Rendering events/organizer_index.html.erb within layouts/application
  [1m[36mEvent Load (0.2ms)[0m  [1m[34mSELECT "events".* FROM "events" WHERE "events"."organizer_id" = $1[0m  [["organizer_id", 1]]
  Rendered events/organizer_index.html.erb within layouts/application (Duration: 2.6ms | Allocations: 714)
  Rendered layouts/_flash.erb (Duration: 0.6ms | Allocations: 23)
  Rendered layout layouts/application.html.erb (Duration: 21.0ms | Allocations: 16961)
Completed 200 OK in 22ms (Views: 21.3ms | ActiveRecord: 0.2ms | Allocations: 17411)


Started POST "/organization_logout" for 127.0.0.1 at 2022-11-15 16:58:28 -0500
Processing by OrganizersController#logout as HTML
  Parameters: {"authenticity_token"=>"zriq1ZzKsAOTmi8VM3Dm++E+pUPiVqEOPXfEM4/sZQXWGlabdTg1cEIZiPAd8wvwzbAJfUBetfKUqZepCuBIdQ=="}
Redirected to http://localhost:3000/
Completed 302 Found in 2ms (ActiveRecord: 0.0ms | Allocations: 404)


Started GET "/" for 127.0.0.1 at 2022-11-15 16:58:28 -0500
Processing by PagesController#index as HTML
  Rendering layout layouts/application.html.erb
  Rendering pages/index.html.erb within layouts/application
  Rendered pages/index.html.erb within layouts/application (Duration: 2.9ms | Allocations: 1339)
  Rendered layouts/_flash.erb (Duration: 0.1ms | Allocations: 22)
  Rendered layout layouts/application.html.erb (Duration: 27.5ms | Allocations: 17329)
Completed 200 OK in 29ms (Views: 27.9ms | ActiveRecord: 0.0ms | Allocations: 17841)


Started POST "/student_login" for 127.0.0.1 at 2022-11-15 16:58:47 -0500
Processing by StudentsController#login as HTML
  Parameters: {"utf8"=>"✓", "authenticity_token"=>"Qn5CZQaymZa9TGjZKzyoCuqOVeO4wB3AGgen3yV3BJ7KDRqcp8bw9zZa4DHTOjsas2dZT70Rr6VHb0DOhpCOVw==", "student"=>{"name"=>"Shruti Verma", "uni"=>"sv2611", "password"=>"[FILTERED]"}, "commit"=>"Student Login"}
  [1m[36mStudent Load (0.3ms)[0m  [1m[34mSELECT "students".* FROM "students" WHERE "students"."uni" = $1 LIMIT $2[0m  [["uni", "sv2611"], ["LIMIT", 1]]
Redirected to http://localhost:3000/events
Completed 302 Found in 4ms (ActiveRecord: 0.3ms | Allocations: 556)


Started GET "/events" for 127.0.0.1 at 2022-11-15 16:58:47 -0500
Processing by EventsController#index as HTML
  [1m[36mStudent Load (0.2ms)[0m  [1m[34mSELECT "students".* FROM "students" WHERE "students"."id" = $1 LIMIT $2[0m  [["id", 1], ["LIMIT", 1]]
  Rendering layout layouts/application.html.erb
  Rendering events/index.html.erb within layouts/application
  [1m[36mEvent Load (0.4ms)[0m  [1m[34mSELECT "events".* FROM "events" WHERE (array_length(tags, 1) is NULL OR tags && array['Freshman','Sophomore','Junior','Senior','STEM','Humanities','Free Food'])[0m
  Rendered events/index.html.erb within layouts/application (Duration: 2.1ms | Allocations: 929)
  Rendered layouts/_flash.erb (Duration: 0.1ms | Allocations: 24)
  Rendered layout layouts/application.html.erb (Duration: 20.8ms | Allocations: 16922)
Completed 200 OK in 48ms (Views: 21.1ms | ActiveRecord: 0.6ms | Allocations: 17727)


Started GET "/events?utf8=%E2%9C%93&sort_by=id&tags%5BFree+Food%5D=1&commit=Refresh" for 127.0.0.1 at 2022-11-15 16:59:00 -0500
Processing by EventsController#index as HTML
  Parameters: {"utf8"=>"✓", "sort_by"=>"id", "tags"=>{"Free Food"=>"1"}, "commit"=>"Refresh"}
  [1m[36mStudent Load (0.3ms)[0m  [1m[34mSELECT "students".* FROM "students" WHERE "students"."id" = $1 LIMIT $2[0m  [["id", 1], ["LIMIT", 1]]
  Rendering layout layouts/application.html.erb
  Rendering events/index.html.erb within layouts/application
  [1m[36mEvent Load (0.3ms)[0m  [1m[34mSELECT "events".* FROM "events" WHERE (array_length(tags, 1) is NULL OR tags && array['Free Food'])[0m
  Rendered events/index.html.erb within layouts/application (Duration: 1.5ms | Allocations: 918)
  Rendered layouts/_flash.erb (Duration: 0.0ms | Allocations: 22)
  Rendered layout layouts/application.html.erb (Duration: 11.7ms | Allocations: 16908)
Completed 200 OK in 14ms (Views: 11.8ms | ActiveRecord: 0.6ms | Allocations: 17656)


Started GET "/events?utf8=%E2%9C%93&sort_by=id&commit=Refresh" for 127.0.0.1 at 2022-11-15 16:59:02 -0500
Processing by EventsController#index as HTML
  Parameters: {"utf8"=>"✓", "sort_by"=>"id", "commit"=>"Refresh"}
  [1m[36mStudent Load (0.3ms)[0m  [1m[34mSELECT "students".* FROM "students" WHERE "students"."id" = $1 LIMIT $2[0m  [["id", 1], ["LIMIT", 1]]
  Rendering layout layouts/application.html.erb
  Rendering events/index.html.erb within layouts/application
  [1m[36mEvent Load (0.3ms)[0m  [1m[34mSELECT "events".* FROM "events" WHERE (array_length(tags, 1) is NULL OR tags && array['Free Food'])[0m
  Rendered events/index.html.erb within layouts/application (Duration: 1.9ms | Allocations: 918)
  Rendered layouts/_flash.erb (Duration: 0.0ms | Allocations: 22)
  Rendered layout layouts/application.html.erb (Duration: 11.9ms | Allocations: 16908)
Completed 200 OK in 15ms (Views: 12.0ms | ActiveRecord: 0.6ms | Allocations: 17652)


Started GET "/" for 127.0.0.1 at 2022-11-15 16:59:04 -0500
Processing by PagesController#index as HTML
  Rendering layout layouts/application.html.erb
  Rendering pages/index.html.erb within layouts/application
  Rendered pages/index.html.erb within layouts/application (Duration: 1.4ms | Allocations: 1323)
  Rendered layouts/_flash.erb (Duration: 0.1ms | Allocations: 22)
  Rendered layout layouts/application.html.erb (Duration: 15.9ms | Allocations: 17313)
Completed 200 OK in 17ms (Views: 16.3ms | ActiveRecord: 0.0ms | Allocations: 17840)


